# JRE version: OpenJDK Runtime Environment Temurin-21.0.4+7 (21.0.4+7) (build 21.0.4+7-LTS)
# Java VM: OpenJDK 64-Bit Server VM Temurin-21.0.4+7 (21.0.4+7-LTS, mixed mode, emulated-client, tiered, compressed oops, compressed class ptrs, g1 gc, windows-amd64)
GC Precious Log:
 CardTable entry size: 512
 Card Set container configuration: InlinePtr #cards 5 size 8 Array Of Cards #cards 12 size 40 Howl #buckets 4 coarsen threshold 1843 Howl Bitmap #cards 512 size 80 coarsen threshold 460 Card regions per heap region 1 cards per card region 2048
 CPUs: 16 total, 16 available
 Memory: 7860M
 Large Page Support: Disabled
 NUMA Support: Disabled
 Compressed Oops: Enabled (32-bit)
 Heap Region Size: 1M
 Heap Min Capacity: 8M
 Heap Initial Capacity: 124M
 Heap Max Capacity: 1966M
 Pre-touch: Disabled
 Parallel Workers: 13
 Concurrent Workers: 3
 Concurrent Refinement Workers: 13
 Periodic GC: Disabled
Heap:
 garbage-first heap   total 118784K, used 105062K [0x0000000085200000, 0x0000000100000000)
  region size 1024K, 60 young (61440K), 6 survivors (6144K)
 Metaspace       used 101897K, committed 102976K, reserved 1179648K
  class space    used 13892K, committed 14400K, reserved 1048576K
GC Heap History (20 events):
Event: 1627.560 GC heap after
{Heap after GC invocations=52 (full 5):
 garbage-first heap   total 118784K, used 43843K [0x0000000085200000, 0x0000000100000000)
  region size 1024K, 0 young (0K), 0 survivors (0K)
 Metaspace       used 97668K, committed 98688K, reserved 1179648K
  class space    used 13363K, committed 13824K, reserved 1048576K
}
Event: 1628.112 GC heap before
{Heap before GC invocations=52 (full 5):
 garbage-first heap   total 118784K, used 100163K [0x0000000085200000, 0x0000000100000000)
  region size 1024K, 56 young (57344K), 0 survivors (0K)
 Metaspace       used 98112K, committed 99136K, reserved 1179648K
  class space    used 13420K, committed 13888K, reserved 1048576K
}
Event: 1628.117 GC heap after
{Heap after GC invocations=53 (full 5):
 garbage-first heap   total 118784K, used 48885K [0x0000000085200000, 0x0000000100000000)
  region size 1024K, 5 young (5120K), 5 survivors (5120K)
 Metaspace       used 98112K, committed 99136K, reserved 1179648K
  class space    used 13420K, committed 13888K, reserved 1048576K
}
Event: 1628.627 GC heap before
{Heap before GC invocations=53 (full 5):
 garbage-first heap   total 118784K, used 103157K [0x0000000085200000, 0x0000000100000000)
  region size 1024K, 58 young (59392K), 5 survivors (5120K)
 Metaspace       used 98976K, committed 100032K, reserved 1179648K
  class space    used 13534K, committed 14016K, reserved 1048576K
}
Event: 1628.633 GC heap after
{Heap after GC invocations=54 (full 5):
 garbage-first heap   total 118784K, used 51424K [0x0000000085200000, 0x0000000100000000)
  region size 1024K, 5 young (5120K), 5 survivors (5120K)
 Metaspace       used 98976K, committed 100032K, reserved 1179648K
  class space    used 13534K, committed 14016K, reserved 1048576K
}
Event: 1895.025 GC heap before
{Heap before GC invocations=54 (full 5):
 garbage-first heap   total 118784K, used 68832K [0x0000000085200000, 0x0000000100000000)
  region size 1024K, 23 young (23552K), 5 survivors (5120K)
 Metaspace       used 98979K, committed 100032K, reserved 1179648K
  class space    used 13535K, committed 14016K, reserved 1048576K
}
Event: 1895.270 GC heap after
{Heap after GC invocations=55 (full 6):
 garbage-first heap   total 118784K, used 42259K [0x0000000085200000, 0x0000000100000000)
  region size 1024K, 0 young (0K), 0 survivors (0K)
 Metaspace       used 98819K, committed 100032K, reserved 1179648K
  class space    used 13494K, committed 14016K, reserved 1048576K
}
Event: 1896.395 GC heap before
{Heap before GC invocations=55 (full 6):
 garbage-first heap   total 118784K, used 99603K [0x0000000085200000, 0x0000000100000000)
  region size 1024K, 57 young (58368K), 0 survivors (0K)
 Metaspace       used 99257K, committed 100224K, reserved 1179648K
  class space    used 13550K, committed 14016K, reserved 1048576K
}
Event: 1896.399 GC heap after
{Heap after GC invocations=56 (full 6):
 garbage-first heap   total 118784K, used 47216K [0x0000000085200000, 0x0000000100000000)
  region size 1024K, 5 young (5120K), 5 survivors (5120K)
 Metaspace       used 99257K, committed 100224K, reserved 1179648K
  class space    used 13550K, committed 14016K, reserved 1048576K
}
Event: 1926.407 GC heap before
{Heap before GC invocations=56 (full 6):
 garbage-first heap   total 118784K, used 102512K [0x0000000085200000, 0x0000000100000000)
  region size 1024K, 59 young (60416K), 5 survivors (5120K)
 Metaspace       used 100125K, committed 101184K, reserved 1179648K
  class space    used 13668K, committed 14144K, reserved 1048576K
}
Event: 1926.421 GC heap after
{Heap after GC invocations=57 (full 6):
 garbage-first heap   total 118784K, used 50000K [0x0000000085200000, 0x0000000100000000)
  region size 1024K, 4 young (4096K), 4 survivors (4096K)
 Metaspace       used 100125K, committed 101184K, reserved 1179648K
  class space    used 13668K, committed 14144K, reserved 1048576K
}
Event: 1947.924 GC heap before
{Heap before GC invocations=57 (full 6):
 garbage-first heap   total 118784K, used 52048K [0x0000000085200000, 0x0000000100000000)
  region size 1024K, 7 young (7168K), 4 survivors (4096K)
 Metaspace       used 100128K, committed 101184K, reserved 1179648K
  class space    used 13669K, committed 14144K, reserved 1048576K
}
Event: 1947.971 GC heap after
{Heap after GC invocations=58 (full 7):
 garbage-first heap   total 118784K, used 42606K [0x0000000085200000, 0x0000000100000000)
  region size 1024K, 0 young (0K), 0 survivors (0K)
 Metaspace       used 100070K, committed 101184K, reserved 1179648K
  class space    used 13654K, committed 14144K, reserved 1048576K
}
Event: 1948.408 GC heap before
{Heap before GC invocations=58 (full 7):
 garbage-first heap   total 118784K, used 100974K [0x0000000085200000, 0x0000000100000000)
  region size 1024K, 58 young (59392K), 0 survivors (0K)
 Metaspace       used 100510K, committed 101504K, reserved 1179648K
  class space    used 13712K, committed 14144K, reserved 1048576K
}
Event: 1948.412 GC heap after
{Heap after GC invocations=59 (full 7):
 garbage-first heap   total 118784K, used 47593K [0x0000000085200000, 0x0000000100000000)
  region size 1024K, 5 young (5120K), 5 survivors (5120K)
 Metaspace       used 100510K, committed 101504K, reserved 1179648K
  class space    used 13712K, committed 14144K, reserved 1048576K
}
Event: 1966.808 GC heap before
{Heap before GC invocations=59 (full 7):
 garbage-first heap   total 118784K, used 103913K [0x0000000085200000, 0x0000000100000000)
  region size 1024K, 60 young (61440K), 5 survivors (5120K)
 Metaspace       used 101247K, committed 102272K, reserved 1179648K
  class space    used 13808K, committed 14272K, reserved 1048576K
}
Event: 1966.814 GC heap after
{Heap after GC invocations=60 (full 7):
 garbage-first heap   total 118784K, used 50365K [0x0000000085200000, 0x0000000100000000)
  region size 1024K, 5 young (5120K), 5 survivors (5120K)
 Metaspace       used 101247K, committed 102272K, reserved 1179648K
  class space    used 13808K, committed 14272K, reserved 1048576K
}
Event: 1986.218 GC heap before
{Heap before GC invocations=60 (full 7):
 garbage-first heap   total 118784K, used 101565K [0x0000000085200000, 0x0000000100000000)
  region size 1024K, 56 young (57344K), 5 survivors (5120K)
 Metaspace       used 101461K, committed 102528K, reserved 1179648K
  class space    used 13837K, committed 14336K, reserved 1048576K
}
Event: 1986.222 GC heap after
{Heap after GC invocations=61 (full 7):
 garbage-first heap   total 118784K, used 49766K [0x0000000085200000, 0x0000000100000000)
  region size 1024K, 3 young (3072K), 3 survivors (3072K)
 Metaspace       used 101461K, committed 102528K, reserved 1179648K
  class space    used 13837K, committed 14336K, reserved 1048576K
}
Event: 2043.968 GC heap before
{Heap before GC invocations=61 (full 7):
 garbage-first heap   total 118784K, used 104038K [0x0000000085200000, 0x0000000100000000)
  region size 1024K, 57 young (58368K), 3 survivors (3072K)
 Metaspace       used 101897K, committed 102976K, reserved 1179648K
  class space    used 13892K, committed 14400K, reserved 1048576K
}

